# JRE version: Java(TM) SE Runtime Environment (9.0+11) (build 9.0.4+11)
# Java VM: Java HotSpot(TM) 64-Bit Server VM (9.0.4+11, mixed mode, tiered, compressed oops, g1 gc, windows-amd64)
Heap:
 garbage-first heap   total 229376K, used 78741K [0x0000000700000000, 0x0000000700100700, 0x00000007c0000000)
  region size 1024K, 11 young (11264K), 2 survivors (2048K)
 Metaspace       used 85434K, capacity 91521K, committed 91668K, reserved 1128448K
  class space    used 11419K, capacity 12481K, committed 12564K, reserved 1048576K
GC Heap History (10 events):
Event: 1875.222 GC heap before
{Heap before GC invocations=466 (full 247):
 garbage-first heap   total 229376K, used 129237K [0x0000000700000000, 0x0000000700100700, 0x00000007c0000000)
  region size 1024K, 60 young (61440K), 2 survivors (2048K)
 Metaspace       used 85351K, capacity 91361K, committed 91668K, reserved 1128448K
  class space    used 11409K, capacity 12449K, committed 12564K, reserved 1048576K
}
Event: 1875.226 GC heap after
{Heap after GC invocations=467 (full 247):
 garbage-first heap   total 229376K, used 69860K [0x0000000700000000, 0x0000000700100700, 0x00000007c0000000)
  region size 1024K, 2 young (2048K), 2 survivors (2048K)
 Metaspace       used 85351K, capacity 91361K, committed 91668K, reserved 1128448K
  class space    used 11409K, capacity 12449K, committed 12564K, reserved 1048576K
}
Event: 1885.339 GC heap before
{Heap before GC invocations=467 (full 247):
 garbage-first heap   total 229376K, used 129252K [0x0000000700000000, 0x0000000700100700, 0x00000007c0000000)
  region size 1024K, 60 young (61440K), 2 survivors (2048K)
 Metaspace       used 85400K, capacity 91457K, committed 91668K, reserved 1128448K
  class space    used 11419K, capacity 12481K, committed 12564K, reserved 1048576K
}
Event: 1885.344 GC heap after
{Heap after GC invocations=468 (full 247):
 garbage-first heap   total 229376K, used 69994K [0x0000000700000000, 0x0000000700100700, 0x00000007c0000000)
  region size 1024K, 2 young (2048K), 2 survivors (2048K)
 Metaspace       used 85400K, capacity 91457K, committed 91668K, reserved 1128448K
  class space    used 11419K, capacity 12481K, committed 12564K, reserved 1048576K
}
Event: 1887.756 GC heap before
{Heap before GC invocations=468 (full 247):
 garbage-first heap   total 229376K, used 129386K [0x0000000700000000, 0x0000000700100700, 0x00000007c0000000)
  region size 1024K, 60 young (61440K), 2 survivors (2048K)
 Metaspace       used 85426K, capacity 91457K, committed 91668K, reserved 1128448K
  class space    used 11419K, capacity 12481K, committed 12564K, reserved 1048576K
}
Event: 1887.759 GC heap after
{Heap after GC invocations=469 (full 247):
 garbage-first heap   total 229376K, used 70738K [0x0000000700000000, 0x0000000700100700, 0x00000007c0000000)
  region size 1024K, 2 young (2048K), 2 survivors (2048K)
 Metaspace       used 85426K, capacity 91457K, committed 91668K, reserved 1128448K
  class space    used 11419K, capacity 12481K, committed 12564K, reserved 1048576K
}
Event: 1889.570 GC heap before
{Heap before GC invocations=469 (full 247):
 garbage-first heap   total 229376K, used 130130K [0x0000000700000000, 0x0000000700100700, 0x00000007c0000000)
  region size 1024K, 60 young (61440K), 2 survivors (2048K)
 Metaspace       used 85429K, capacity 91521K, committed 91668K, reserved 1128448K
  class space    used 11419K, capacity 12481K, committed 12564K, reserved 1048576K
}
Event: 1889.574 GC heap after
{Heap after GC invocations=470 (full 247):
 garbage-first heap   total 229376K, used 70595K [0x0000000700000000, 0x0000000700100700, 0x00000007c0000000)
  region size 1024K, 2 young (2048K), 2 survivors (2048K)
 Metaspace       used 85429K, capacity 91521K, committed 91668K, reserved 1128448K
  class space    used 11419K, capacity 12481K, committed 12564K, reserved 1048576K
}
Event: 1893.922 GC heap before
{Heap before GC invocations=470 (full 247):
 garbage-first heap   total 229376K, used 129987K [0x0000000700000000, 0x0000000700100700, 0x00000007c0000000)
  region size 1024K, 60 young (61440K), 2 survivors (2048K)
 Metaspace       used 85434K, capacity 91521K, committed 91668K, reserved 1128448K
  class space    used 11419K, capacity 12481K, committed 12564K, reserved 1048576K
}
Event: 1893.925 GC heap after
{Heap after GC invocations=471 (full 247):
 garbage-first heap   total 229376K, used 70549K [0x0000000700000000, 0x0000000700100700, 0x00000007c0000000)
  region size 1024K, 2 young (2048K), 2 survivors (2048K)
 Metaspace       used 85434K, capacity 91521K, committed 91668K, reserved 1128448K
  class space    used 11419K, capacity 12481K, committed 12564K, reserved 1048576K
}

